[2009-12-03  20:21:57] INFO stats/_stats_thread stats thread started
[2009-12-03  20:21:57] INFO main/main Icecast 2.3.2 server started
[2009-12-03  20:21:57] INFO fserve/fserv_thread_function file serving thread started
[2009-12-03  20:21:57] INFO yp/yp_update_thread YP update thread started
[2009-12-03  20:21:57] INFO connection/get_ssl_certificate No SSL capability on any configured ports
[2009-12-03  20:22:41] INFO connection/_handle_source_request Source logging in at mountpoint "/hackermusic.mp3"
[2009-12-03  20:22:41] INFO source/source_main listener count on /hackermusic.mp3 now 0
[2009-12-03  20:22:41] INFO admin/admin_handle_request Received admin command metadata on mount "/hackermusic.mp3"
[2009-12-03  20:23:38] INFO source/source_main listener count on /hackermusic.mp3 now 1
[2009-12-03  20:23:51] INFO source/get_next_buffer End of Stream /hackermusic.mp3
[2009-12-03  20:23:51] INFO source/source_shutdown Source "/hackermusic.mp3" exiting
[2009-12-03  20:32:17] INFO sighandler/_sig_die Caught signal 2, shutting down...
[2009-12-03  20:32:17] INFO main/main Shutting down
[2009-12-03  20:32:17] INFO fserve/fserve_shutdown file serving thread stopped
[2009-12-03  20:32:18] INFO slave/_slave_thread shutting down current relays
[2009-12-03  20:32:18] INFO slave/_slave_thread Slave thread shutdown complete
[2009-12-03  20:32:18] INFO auth/auth_shutdown Auth shutdown
[2009-12-03  20:32:18] INFO yp/yp_shutdown YP thread down
[2009-12-03  20:32:18] INFO stats/stats_shutdown stats thread finished
[2009-12-03  21:07:36] INFO main/main Icecast 2.3.2 server started
[2009-12-03  21:07:36] INFO stats/_stats_thread stats thread started
[2009-12-03  21:07:36] INFO fserve/fserv_thread_function file serving thread started
[2009-12-03  21:07:36] INFO yp/yp_update_thread YP update thread started
[2009-12-03  21:07:36] INFO connection/get_ssl_certificate No SSL capability on any configured ports
[2009-12-03  22:11:49] INFO connection/_handle_source_request Source logging in at mountpoint "/hackermusic.mp3"
[2009-12-03  22:11:49] INFO admin/admin_handle_request Received admin command metadata on mount "/hackermusic.mp3"
[2009-12-03  22:11:49] INFO source/source_main listener count on /hackermusic.mp3 now 0
[2009-12-03  22:12:10] INFO source/source_main listener count on /hackermusic.mp3 now 1
[2009-12-03  22:16:27] INFO admin/admin_handle_request Received admin command metadata on mount "/hackermusic.mp3"
[2009-12-03  22:16:42] INFO source/get_next_buffer End of Stream /hackermusic.mp3
[2009-12-03  22:16:42] INFO source/source_shutdown Source "/hackermusic.mp3" exiting
[2009-12-04  02:13:39] INFO connection/_handle_source_request Source logging in at mountpoint "/hackermusic.mp3"
[2009-12-04  02:13:39] INFO admin/admin_handle_request Received admin command metadata on mount "/hackermusic.mp3"
[2009-12-04  02:13:39] INFO source/source_main listener count on /hackermusic.mp3 now 0
[2009-12-04  02:13:56] INFO source/get_next_buffer End of Stream /hackermusic.mp3
[2009-12-04  02:13:56] INFO source/source_shutdown Source "/hackermusic.mp3" exiting
[2009-12-04  02:14:40] INFO connection/_handle_source_request Source logging in at mountpoint "/hackermusic.mp3"
[2009-12-04  02:14:40] INFO source/get_next_buffer End of Stream /hackermusic.mp3
[2009-12-04  02:14:40] INFO source/source_main listener count on /hackermusic.mp3 now 0
[2009-12-04  02:14:40] INFO source/source_shutdown Source "/hackermusic.mp3" exiting
[2009-12-04  02:14:57] INFO connection/_handle_source_request Source logging in at mountpoint "/hackermusic.mp3"
[2009-12-04  02:14:58] INFO source/source_main listener count on /hackermusic.mp3 now 0
[2009-12-04  02:14:58] INFO admin/admin_handle_request Received admin command metadata on mount "/hackermusic.mp3"
[2009-12-04  02:15:02] INFO source/get_next_buffer End of Stream /hackermusic.mp3
[2009-12-04  02:15:02] INFO source/source_shutdown Source "/hackermusic.mp3" exiting
[2009-12-04  02:15:27] INFO connection/_handle_source_request Source logging in at mountpoint "/hackermusic.mp3"
[2009-12-04  02:15:27] INFO source/source_main listener count on /hackermusic.mp3 now 0
[2009-12-04  02:15:27] INFO admin/admin_handle_request Received admin command metadata on mount "/hackermusic.mp3"
[2009-12-04  02:15:32] INFO source/get_next_buffer End of Stream /hackermusic.mp3
[2009-12-04  02:15:32] INFO source/source_shutdown Source "/hackermusic.mp3" exiting
[2009-12-04  02:15:57] INFO connection/_handle_source_request Source logging in at mountpoint "/hackermusic.mp3"
[2009-12-04  02:15:58] INFO admin/admin_handle_request Received admin command metadata on mount "/hackermusic.mp3"
[2009-12-04  02:15:58] INFO source/source_main listener count on /hackermusic.mp3 now 0
[2009-12-04  02:16:01] INFO source/get_next_buffer End of Stream /hackermusic.mp3
[2009-12-04  02:16:01] INFO source/source_shutdown Source "/hackermusic.mp3" exiting
[2009-12-04  02:22:50] INFO connection/_handle_source_request Source logging in at mountpoint "/hackermusic.mp3"
[2009-12-04  02:22:51] INFO source/source_main listener count on /hackermusic.mp3 now 0
[2009-12-04  02:22:51] INFO admin/admin_handle_request Received admin command metadata on mount "/hackermusic.mp3"
[2009-12-04  02:23:08] INFO source/source_main listener count on /hackermusic.mp3 now 1
[2009-12-04  02:27:17] INFO admin/admin_handle_request Received admin command metadata on mount "/hackermusic.mp3"
[2009-12-04  02:27:21] INFO source/get_next_buffer End of Stream /hackermusic.mp3
[2009-12-04  02:27:21] INFO source/source_shutdown Source "/hackermusic.mp3" exiting
[2009-12-04  02:28:56] INFO connection/_handle_source_request Source logging in at mountpoint "/hackermusic.mp3"
[2009-12-04  02:28:56] INFO source/source_main listener count on /hackermusic.mp3 now 0
[2009-12-04  02:28:56] INFO admin/admin_handle_request Received admin command metadata on mount "/hackermusic.mp3"
[2009-12-04  02:29:09] INFO source/source_main listener count on /hackermusic.mp3 now 1
[2009-12-04  02:33:22] INFO admin/admin_handle_request Received admin command metadata on mount "/hackermusic.mp3"
[2009-12-04  02:33:29] INFO source/get_next_buffer End of Stream /hackermusic.mp3
[2009-12-04  02:33:29] INFO source/source_shutdown Source "/hackermusic.mp3" exiting
[2009-12-04  11:51:11] INFO connection/_handle_source_request Source logging in at mountpoint "/hackermusic.mp3"
[2009-12-04  11:51:11] INFO source/get_next_buffer End of Stream /hackermusic.mp3
[2009-12-04  11:51:11] INFO source/source_main listener count on /hackermusic.mp3 now 0
[2009-12-04  11:51:11] INFO source/source_shutdown Source "/hackermusic.mp3" exiting
[2009-12-04  11:52:39] INFO connection/_handle_source_request Source logging in at mountpoint "/hackermusic.mp3"
[2009-12-04  11:52:39] INFO admin/admin_handle_request Received admin command metadata on mount "/hackermusic.mp3"
[2009-12-04  11:52:40] INFO source/source_main listener count on /hackermusic.mp3 now 0
[2009-12-04  11:53:23] INFO source/source_main listener count on /hackermusic.mp3 now 1
[2009-12-04  11:56:14] INFO admin/admin_handle_request Received admin command metadata on mount "/hackermusic.mp3"
[2009-12-04  11:56:31] INFO source/get_next_buffer End of Stream /hackermusic.mp3
[2009-12-04  11:56:31] INFO source/source_shutdown Source "/hackermusic.mp3" exiting
[2009-12-04  11:58:35] INFO connection/_handle_source_request Source logging in at mountpoint "/hackermusic.mp3"
[2009-12-04  11:58:35] INFO source/source_main listener count on /hackermusic.mp3 now 0
[2009-12-04  11:58:35] INFO admin/admin_handle_request Received admin command metadata on mount "/hackermusic.mp3"
[2009-12-04  11:58:42] INFO source/get_next_buffer End of Stream /hackermusic.mp3
[2009-12-04  11:58:42] INFO source/source_shutdown Source "/hackermusic.mp3" exiting
[2009-12-04  11:59:21] INFO connection/_handle_source_request Source logging in at mountpoint "/hackermusic.mp3"
[2009-12-04  11:59:21] INFO source/source_main listener count on /hackermusic.mp3 now 0
[2009-12-04  11:59:21] INFO admin/admin_handle_request Received admin command metadata on mount "/hackermusic.mp3"
[2009-12-04  11:59:23] INFO source/get_next_buffer End of Stream /hackermusic.mp3
[2009-12-04  11:59:23] INFO source/source_shutdown Source "/hackermusic.mp3" exiting
[2009-12-04  11:59:35] INFO connection/_handle_source_request Source logging in at mountpoint "/hackermusic.mp3"
[2009-12-04  11:59:35] INFO source/source_main listener count on /hackermusic.mp3 now 0
[2009-12-04  11:59:35] INFO admin/admin_handle_request Received admin command metadata on mount "/hackermusic.mp3"
[2009-12-04  11:59:38] INFO source/get_next_buffer End of Stream /hackermusic.mp3
[2009-12-04  11:59:38] INFO source/source_shutdown Source "/hackermusic.mp3" exiting
[2009-12-04  11:59:56] INFO connection/_handle_source_request Source logging in at mountpoint "/hackermusic.mp3"
[2009-12-04  11:59:56] INFO source/source_main listener count on /hackermusic.mp3 now 0
[2009-12-04  11:59:56] INFO admin/admin_handle_request Received admin command metadata on mount "/hackermusic.mp3"
[2009-12-04  12:00:07] INFO source/get_next_buffer End of Stream /hackermusic.mp3
[2009-12-04  12:00:07] INFO source/source_shutdown Source "/hackermusic.mp3" exiting
[2009-12-04  12:00:21] INFO connection/_handle_source_request Source logging in at mountpoint "/hackermusic.mp3"
[2009-12-04  12:00:21] INFO source/get_next_buffer End of Stream /hackermusic.mp3
[2009-12-04  12:00:21] INFO source/source_main listener count on /hackermusic.mp3 now 0
[2009-12-04  12:00:21] INFO source/source_shutdown Source "/hackermusic.mp3" exiting
[2009-12-04  12:00:36] INFO connection/_handle_source_request Source logging in at mountpoint "/hackermusic.mp3"
[2009-12-04  12:00:36] INFO source/source_main listener count on /hackermusic.mp3 now 0
[2009-12-04  12:00:36] INFO admin/admin_handle_request Received admin command metadata on mount "/hackermusic.mp3"
[2009-12-04  12:00:52] INFO source/get_next_buffer End of Stream /hackermusic.mp3
[2009-12-04  12:00:52] INFO source/source_shutdown Source "/hackermusic.mp3" exiting
[2009-12-04  12:00:53] INFO connection/_handle_source_request Source logging in at mountpoint "/hackermusic.mp3"
[2009-12-04  12:00:53] INFO source/source_main listener count on /hackermusic.mp3 now 0
[2009-12-04  12:00:53] INFO admin/admin_handle_request Received admin command metadata on mount "/hackermusic.mp3"
[2009-12-04  12:01:03] INFO source/get_next_buffer End of Stream /hackermusic.mp3
[2009-12-04  12:01:03] INFO source/source_shutdown Source "/hackermusic.mp3" exiting
[2009-12-04  12:01:04] INFO connection/_handle_source_request Source logging in at mountpoint "/hackermusic.mp3"
[2009-12-04  12:01:04] INFO source/source_main listener count on /hackermusic.mp3 now 0
[2009-12-04  12:01:04] INFO admin/admin_handle_request Received admin command metadata on mount "/hackermusic.mp3"
[2009-12-04  12:01:16] INFO source/source_main listener count on /hackermusic.mp3 now 1
[2009-12-04  12:01:21] INFO source/get_next_buffer End of Stream /hackermusic.mp3
[2009-12-04  12:01:21] INFO source/source_shutdown Source "/hackermusic.mp3" exiting
[2009-12-04  12:01:26] INFO connection/_handle_source_request Source logging in at mountpoint "/hackermusic.mp3"
[2009-12-04  12:01:26] INFO admin/admin_handle_request Received admin command metadata on mount "/hackermusic.mp3"
[2009-12-04  12:01:26] INFO source/source_main listener count on /hackermusic.mp3 now 0
[2009-12-04  12:01:30] INFO source/source_main listener count on /hackermusic.mp3 now 1
[2009-12-04  12:04:58] INFO admin/admin_handle_request Received admin command metadata on mount "/hackermusic.mp3"
